# JRE version: Java(TM) SE Runtime Environment (8.0_25-b18) (build 1.8.0_25-b18)
# Java VM: Java HotSpot(TM) 64-Bit Server VM (25.25-b02 mixed mode windows-amd64 compressed oops)
Heap:
 PSYoungGen      total 650752K, used 610679K [0x00000000d5d00000, 0x0000000100000000, 0x0000000100000000)
  eden space 629760K, 93% used [0x00000000d5d00000,0x00000000f9d3a130,0x00000000fc400000)
  from space 20992K, 98% used [0x00000000fc400000,0x00000000fd823b50,0x00000000fd880000)
  to   space 31744K, 0% used [0x00000000fe100000,0x00000000fe100000,0x0000000100000000)
 ParOldGen       total 105984K, used 52748K [0x0000000081600000, 0x0000000087d80000, 0x00000000d5d00000)
  object space 105984K, 49% used [0x0000000081600000,0x00000000849833f8,0x0000000087d80000)
 Metaspace       used 55888K, capacity 57174K, committed 57304K, reserved 1099776K
  class space    used 6098K, capacity 6345K, committed 6400K, reserved 1048576K
GC Heap History (10 events):
Event: 10.681 GC heap before
{Heap before GC invocations=11 (full 2):
 PSYoungGen      total 459264K, used 13801K [0x00000000d5d00000, 0x00000000fea00000, 0x0000000100000000)
  eden space 445440K, 0% used [0x00000000d5d00000,0x00000000d5d00000,0x00000000f1000000)
  from space 13824K, 99% used [0x00000000f1000000,0x00000000f1d7a7d8,0x00000000f1d80000)
  to   space 18432K, 0% used [0x00000000fd800000,0x00000000fd800000,0x00000000fea00000)
 ParOldGen       total 56320K, used 21337K [0x0000000081600000, 0x0000000084d00000, 0x00000000d5d00000)
  object space 56320K, 37% used [0x0000000081600000,0x0000000082ad6650,0x0000000084d00000)
 Metaspace       used 34790K, capacity 35114K, committed 35416K, reserved 1081344K
  class space    used 4058K, capacity 4111K, committed 4224K, reserved 1048576K
Event: 10.756 GC heap after
Heap after GC invocations=11 (full 2):
 PSYoungGen      total 459264K, used 0K [0x00000000d5d00000, 0x00000000fea00000, 0x0000000100000000)
  eden space 445440K, 0% used [0x00000000d5d00000,0x00000000d5d00000,0x00000000f1000000)
  from space 13824K, 0% used [0x00000000f1000000,0x00000000f1000000,0x00000000f1d80000)
  to   space 18432K, 0% used [0x00000000fd800000,0x00000000fd800000,0x00000000fea00000)
 ParOldGen       total 105984K, used 31330K [0x0000000081600000, 0x0000000087d80000, 0x00000000d5d00000)
  object space 105984K, 29% used [0x0000000081600000,0x0000000083498b10,0x0000000087d80000)
 Metaspace       used 34789K, capacity 35112K, committed 35416K, reserved 1081344K
  class space    used 4057K, capacity 4110K, committed 4224K, reserved 1048576K
}
Event: 11.431 GC heap before
{Heap before GC invocations=12 (full 2):
 PSYoungGen      total 459264K, used 445440K [0x00000000d5d00000, 0x00000000fea00000, 0x0000000100000000)
  eden space 445440K, 100% used [0x00000000d5d00000,0x00000000f1000000,0x00000000f1000000)
  from space 13824K, 0% used [0x00000000f1000000,0x00000000f1000000,0x00000000f1d80000)
  to   space 18432K, 0% used [0x00000000fd800000,0x00000000fd800000,0x00000000fea00000)
 ParOldGen       total 105984K, used 31330K [0x0000000081600000, 0x0000000087d80000, 0x00000000d5d00000)
  object space 105984K, 29% used [0x0000000081600000,0x0000000083498b10,0x0000000087d80000)
 Metaspace       used 35157K, capacity 35464K, committed 35928K, reserved 1081344K
  class space    used 4087K, capacity 4142K, committed 4224K, reserved 1048576K
Event: 11.435 GC heap after
Heap after GC invocations=12 (full 2):
 PSYoungGen      total 563200K, used 4016K [0x00000000d5d00000, 0x00000000fdc00000, 0x0000000100000000)
  eden space 559104K, 0% used [0x00000000d5d00000,0x00000000d5d00000,0x00000000f7f00000)
  from space 4096K, 98% used [0x00000000fd800000,0x00000000fdbec020,0x00000000fdc00000)
  to   space 18432K, 0% used [0x00000000fb800000,0x00000000fb800000,0x00000000fca00000)
 ParOldGen       total 105984K, used 31338K [0x0000000081600000, 0x0000000087d80000, 0x00000000d5d00000)
  object space 105984K, 29% used [0x0000000081600000,0x000000008349ab10,0x0000000087d80000)
 Metaspace       used 35157K, capacity 35464K, committed 35928K, reserved 1081344K
  class space    used 4087K, capacity 4142K, committed 4224K, reserved 1048576K
}
Event: 13.887 GC heap before
{Heap before GC invocations=13 (full 2):
 PSYoungGen      total 563200K, used 563120K [0x00000000d5d00000, 0x00000000fdc00000, 0x0000000100000000)
  eden space 559104K, 100% used [0x00000000d5d00000,0x00000000f7f00000,0x00000000f7f00000)
  from space 4096K, 98% used [0x00000000fd800000,0x00000000fdbec020,0x00000000fdc00000)
  to   space 18432K, 0% used [0x00000000fb800000,0x00000000fb800000,0x00000000fca00000)
 ParOldGen       total 105984K, used 31338K [0x0000000081600000, 0x0000000087d80000, 0x00000000d5d00000)
  object space 105984K, 29% used [0x0000000081600000,0x000000008349ab10,0x0000000087d80000)
 Metaspace       used 41407K, capacity 41848K, committed 42328K, reserved 1087488K
  class space    used 4815K, capacity 4902K, committed 4992K, reserved 1048576K
Event: 13.903 GC heap after
Heap after GC invocations=13 (full 2):
 PSYoungGen      total 635904K, used 16661K [0x00000000d5d00000, 0x0000000100000000, 0x0000000100000000)
  eden space 617472K, 0% used [0x00000000d5d00000,0x00000000d5d00000,0x00000000fb800000)
  from space 18432K, 90% used [0x00000000fb800000,0x00000000fc845440,0x00000000fca00000)
  to   space 20480K, 0% used [0x00000000fec00000,0x00000000fec00000,0x0000000100000000)
 ParOldGen       total 105984K, used 31346K [0x0000000081600000, 0x0000000087d80000, 0x00000000d5d00000)
  object space 105984K, 29% used [0x0000000081600000,0x000000008349cb10,0x0000000087d80000)
 Metaspace       used 41407K, capacity 41848K, committed 42328K, reserved 1087488K
  class space    used 4815K, capacity 4902K, committed 4992K, reserved 1048576K
}
Event: 65.988 GC heap before
{Heap before GC invocations=14 (full 2):
 PSYoungGen      total 635904K, used 634133K [0x00000000d5d00000, 0x0000000100000000, 0x0000000100000000)
  eden space 617472K, 100% used [0x00000000d5d00000,0x00000000fb800000,0x00000000fb800000)
  from space 18432K, 90% used [0x00000000fb800000,0x00000000fc845440,0x00000000fca00000)
  to   space 20480K, 0% used [0x00000000fec00000,0x00000000fec00000,0x0000000100000000)
 ParOldGen       total 105984K, used 31346K [0x0000000081600000, 0x0000000087d80000, 0x00000000d5d00000)
  object space 105984K, 29% used [0x0000000081600000,0x000000008349cb10,0x0000000087d80000)
 Metaspace       used 51813K, capacity 52576K, committed 52696K, reserved 1095680K
  class space    used 5851K, capacity 6048K, committed 6144K, reserved 1048576K
Event: 66.038 GC heap after
Heap after GC invocations=14 (full 2):
 PSYoungGen      total 650240K, used 20472K [0x00000000d5d00000, 0x0000000100000000, 0x0000000100000000)
  eden space 629760K, 0% used [0x00000000d5d00000,0x00000000d5d00000,0x00000000fc400000)
  from space 20480K, 99% used [0x00000000fec00000,0x00000000ffffe230,0x0000000100000000)
  to   space 30720K, 0% used [0x00000000fc400000,0x00000000fc400000,0x00000000fe200000)
 ParOldGen       total 105984K, used 50695K [0x0000000081600000, 0x0000000087d80000, 0x00000000d5d00000)
  object space 105984K, 47% used [0x0000000081600000,0x0000000084781cd8,0x0000000087d80000)
 Metaspace       used 51813K, capacity 52576K, committed 52696K, reserved 1095680K
  class space    used 5851K, capacity 6048K, committed 6144K, reserved 1048576K
}
Event: 92.402 GC heap before
{Heap before GC invocations=15 (full 2):
 PSYoungGen      total 650240K, used 650232K [0x00000000d5d00000, 0x0000000100000000, 0x0000000100000000)
  eden space 629760K, 100% used [0x00000000d5d00000,0x00000000fc400000,0x00000000fc400000)
  from space 20480K, 99% used [0x00000000fec00000,0x00000000ffffe230,0x0000000100000000)
  to   space 30720K, 0% used [0x00000000fc400000,0x00000000fc400000,0x00000000fe200000)
 ParOldGen       total 105984K, used 50695K [0x0000000081600000, 0x0000000087d80000, 0x00000000d5d00000)
  object space 105984K, 47% used [0x0000000081600000,0x0000000084781cd8,0x0000000087d80000)
 Metaspace       used 55035K, capacity 56074K, committed 56152K, reserved 1099776K
  class space    used 6054K, capacity 6253K, committed 6272K, reserved 1048576K
Event: 92.439 GC heap after
Heap after GC invocations=15 (full 2):
 PSYoungGen      total 650752K, used 20622K [0x00000000d5d00000, 0x0000000100000000, 0x0000000100000000)
  eden space 629760K, 0% used [0x00000000d5d00000,0x00000000d5d00000,0x00000000fc400000)
  from space 20992K, 98% used [0x00000000fc400000,0x00000000fd823b50,0x00000000fd880000)
  to   space 31744K, 0% used [0x00000000fe100000,0x00000000fe100000,0x0000000100000000)
 ParOldGen       total 105984K, used 52748K [0x0000000081600000, 0x0000000087d80000, 0x00000000d5d00000)
  object space 105984K, 49% used [0x0000000081600000,0x00000000849833f8,0x0000000087d80000)
 Metaspace       used 55035K, capacity 56074K, committed 56152K, reserved 1099776K
  class space    used 6054K, capacity 6253K, committed 6272K, reserved 1048576K
}

